[debug] [2018-04-17T13:52:16.268Z] ----------------------------------------------------------------------
[debug] [2018-04-17T13:52:16.270Z] Command:       C:\Program Files\nodejs\node.exe C:\Users\a.boopathi\AppData\Roaming\npm\node_modules\firebase-tools\bin\firebase deploy
[debug] [2018-04-17T13:52:16.270Z] CLI Version:   3.17.4
[debug] [2018-04-17T13:52:16.270Z] Platform:      win32
[debug] [2018-04-17T13:52:16.270Z] Node Version:  v8.9.4
[debug] [2018-04-17T13:52:16.272Z] Time:          Tue Apr 17 2018 19:22:16 GMT+0530 (India Standard Time)
[debug] [2018-04-17T13:52:16.272Z] ----------------------------------------------------------------------
[debug] 
[debug] [2018-04-17T13:52:16.305Z] > command requires scopes: ["email","openid","https://www.googleapis.com/auth/cloudplatformprojects.readonly","https://www.googleapis.com/auth/firebase","https://www.googleapis.com/auth/cloud-platform"]
[debug] [2018-04-17T13:52:16.306Z] > authorizing via signed-in user
[debug] [2018-04-17T13:52:16.309Z] >>> HTTP REQUEST GET https://admin.firebase.com/v1/projects/ebarun-com-angular-4  
  
 Tue Apr 17 2018 19:22:16 GMT+0530 (India Standard Time)
[debug] [2018-04-17T13:52:17.424Z] <<< HTTP RESPONSE 200
[debug] [2018-04-17T13:52:17.425Z] >>> HTTP REQUEST GET https://admin.firebase.com/v1/database/ebarun-com-angular-4/tokens  
  
 Tue Apr 17 2018 19:22:17 GMT+0530 (India Standard Time)
[debug] [2018-04-17T13:52:18.403Z] <<< HTTP RESPONSE 200
[info] 
[info] === Deploying to 'ebarun-com-angular-4'...
[info] 
[info] i  deploying hosting
[info] i  hosting: preparing dist directory for upload...
[debug] [2018-04-17T13:52:20.600Z] >>> HTTP REQUEST PUT https://deploy.firebase.com/v1/hosting/ebarun-com-angular-4/uploads/-LAIs9rV9A9xVzqIpeEz?fileCount=12&message=  
  
 Tue Apr 17 2018 19:22:20 GMT+0530 (India Standard Time)
